<?xml version="1.0" encoding="UTF-8"?>
<!-- Generated by org.testng.reporters.JUnitReportReporter -->
<testsuite hostname="DESKTOP-04479LT" failures="0" tests="8" name="aut.runner.runnerTest" time="133.355" errors="0" timestamp="2024-01-25T19:25:32 IST" skipped="0">
  <testcase classname="aut.runner.runnerTest" name="runScenario" time="2.029"/>
  <testcase classname="aut.runner.runnerTest" name="runScenario" time="29.840"/>
  <testcase classname="aut.runner.runnerTest" name="runScenario" time="2.576"/>
  <testcase classname="aut.runner.runnerTest" name="runScenario" time="31.380"/>
  <testcase classname="aut.runner.runnerTest" name="runScenario" time="24.854"/>
  <testcase classname="aut.runner.runnerTest" name="runScenario" time="2.610"/>
  <testcase classname="aut.runner.runnerTest" name="runScenario" time="7.676"/>
  <testcase classname="aut.runner.runnerTest" name="runScenario" time="32.390"/>
</testsuite> <!-- aut.runner.runnerTest -->
